mode: set
github.com/peternicholls/20i-stack/tui/internal/project/detector.go:32.40,35.16 2 1
github.com/peternicholls/20i-stack/tui/internal/project/detector.go:35.16,37.3 1 0
github.com/peternicholls/20i-stack/tui/internal/project/detector.go:40.2,49.70 5 1
github.com/peternicholls/20i-stack/tui/internal/project/detector.go:49.70,51.3 1 1
github.com/peternicholls/20i-stack/tui/internal/project/detector.go:53.2,57.8 1 1
github.com/peternicholls/20i-stack/tui/internal/project/sanitize.go:44.46,45.16 1 1
github.com/peternicholls/20i-stack/tui/internal/project/sanitize.go:45.16,47.3 1 1
github.com/peternicholls/20i-stack/tui/internal/project/sanitize.go:50.2,63.79 5 1
github.com/peternicholls/20i-stack/tui/internal/project/sanitize.go:63.79,66.17 3 1
github.com/peternicholls/20i-stack/tui/internal/project/sanitize.go:66.17,69.4 1 1
github.com/peternicholls/20i-stack/tui/internal/project/sanitize.go:69.9,72.4 1 1
github.com/peternicholls/20i-stack/tui/internal/project/sanitize.go:76.2,79.16 2 1
github.com/peternicholls/20i-stack/tui/internal/project/sanitize.go:79.16,81.3 1 1
github.com/peternicholls/20i-stack/tui/internal/project/sanitize.go:83.2,83.13 1 1
github.com/peternicholls/20i-stack/tui/internal/project/template.go:37.48,40.16 2 1
github.com/peternicholls/20i-stack/tui/internal/project/template.go:40.16,42.3 1 1
github.com/peternicholls/20i-stack/tui/internal/project/template.go:45.2,45.69 1 1
github.com/peternicholls/20i-stack/tui/internal/project/template.go:45.69,47.3 1 0
github.com/peternicholls/20i-stack/tui/internal/project/template.go:50.2,53.52 2 1
github.com/peternicholls/20i-stack/tui/internal/project/template.go:53.52,55.3 1 0
github.com/peternicholls/20i-stack/tui/internal/project/template.go:58.2,58.40 1 1
github.com/peternicholls/20i-stack/tui/internal/project/template.go:63.41,65.59 1 1
github.com/peternicholls/20i-stack/tui/internal/project/template.go:65.59,67.69 2 1
github.com/peternicholls/20i-stack/tui/internal/project/template.go:67.69,69.4 1 1
github.com/peternicholls/20i-stack/tui/internal/project/template.go:73.2,74.16 2 1
github.com/peternicholls/20i-stack/tui/internal/project/template.go:74.16,76.3 1 0
github.com/peternicholls/20i-stack/tui/internal/project/template.go:81.2,88.68 5 1
github.com/peternicholls/20i-stack/tui/internal/project/template.go:88.68,90.3 1 0
github.com/peternicholls/20i-stack/tui/internal/project/template.go:92.2,92.95 1 1
github.com/peternicholls/20i-stack/tui/internal/project/template.go:96.37,97.81 1 1
github.com/peternicholls/20i-stack/tui/internal/project/template.go:97.81,98.17 1 1
github.com/peternicholls/20i-stack/tui/internal/project/template.go:98.17,100.4 1 0
github.com/peternicholls/20i-stack/tui/internal/project/template.go:103.3,104.17 2 1
github.com/peternicholls/20i-stack/tui/internal/project/template.go:104.17,106.4 1 0
github.com/peternicholls/20i-stack/tui/internal/project/template.go:109.3,109.21 1 1
github.com/peternicholls/20i-stack/tui/internal/project/template.go:109.21,111.4 1 1
github.com/peternicholls/20i-stack/tui/internal/project/template.go:114.3,116.19 2 1
github.com/peternicholls/20i-stack/tui/internal/project/template.go:116.19,119.54 1 1
github.com/peternicholls/20i-stack/tui/internal/project/template.go:119.54,121.5 1 0
github.com/peternicholls/20i-stack/tui/internal/project/template.go:122.4,122.65 1 1
github.com/peternicholls/20i-stack/tui/internal/project/template.go:122.65,124.5 1 0
github.com/peternicholls/20i-stack/tui/internal/project/template.go:125.4,125.14 1 1
github.com/peternicholls/20i-stack/tui/internal/project/template.go:129.3,129.47 1 1
github.com/peternicholls/20i-stack/tui/internal/project/template.go:134.56,137.16 2 1
github.com/peternicholls/20i-stack/tui/internal/project/template.go:137.16,139.3 1 0
github.com/peternicholls/20i-stack/tui/internal/project/template.go:140.2,144.16 3 1
github.com/peternicholls/20i-stack/tui/internal/project/template.go:144.16,146.3 1 0
github.com/peternicholls/20i-stack/tui/internal/project/template.go:147.2,150.53 2 1
github.com/peternicholls/20i-stack/tui/internal/project/template.go:150.53,152.3 1 0
github.com/peternicholls/20i-stack/tui/internal/project/template.go:155.2,155.44 1 1
github.com/peternicholls/20i-stack/tui/internal/project/template.go:155.44,157.3 1 0
github.com/peternicholls/20i-stack/tui/internal/project/template.go:159.2,159.12 1 1
