mode: set
github.com/peternicholls/20i-stack/tui/internal/views/dashboard/bottom_panel.go:29.84,42.21 6 1
github.com/peternicholls/20i-stack/tui/internal/views/dashboard/bottom_panel.go:42.21,44.3 1 0
github.com/peternicholls/20i-stack/tui/internal/views/dashboard/bottom_panel.go:45.2,57.34 5 1
github.com/peternicholls/20i-stack/tui/internal/views/dashboard/bottom_panel.go:67.58,68.25 1 1
github.com/peternicholls/20i-stack/tui/internal/views/dashboard/bottom_panel.go:69.19,70.59 1 1
github.com/peternicholls/20i-stack/tui/internal/views/dashboard/bottom_panel.go:71.16,72.53 1 0
github.com/peternicholls/20i-stack/tui/internal/views/dashboard/bottom_panel.go:73.16,74.68 1 1
github.com/peternicholls/20i-stack/tui/internal/views/dashboard/bottom_panel.go:75.10,76.22 1 0
github.com/peternicholls/20i-stack/tui/internal/views/dashboard/dashboard.go:92.73,96.35 3 1
github.com/peternicholls/20i-stack/tui/internal/views/dashboard/dashboard.go:96.35,98.3 1 1
github.com/peternicholls/20i-stack/tui/internal/views/dashboard/dashboard.go:100.2,109.3 1 1
github.com/peternicholls/20i-stack/tui/internal/views/dashboard/dashboard.go:118.40,123.2 1 1
github.com/peternicholls/20i-stack/tui/internal/views/dashboard/dashboard.go:141.71,142.27 1 1
github.com/peternicholls/20i-stack/tui/internal/views/dashboard/dashboard.go:143.25,146.16 3 1
github.com/peternicholls/20i-stack/tui/internal/views/dashboard/dashboard.go:148.20,150.102 1 1
github.com/peternicholls/20i-stack/tui/internal/views/dashboard/dashboard.go:150.102,152.4 1 1
github.com/peternicholls/20i-stack/tui/internal/views/dashboard/dashboard.go:153.3,153.16 1 0
github.com/peternicholls/20i-stack/tui/internal/views/dashboard/dashboard.go:155.18,157.30 1 1
github.com/peternicholls/20i-stack/tui/internal/views/dashboard/dashboard.go:157.30,159.4 1 1
github.com/peternicholls/20i-stack/tui/internal/views/dashboard/dashboard.go:162.3,162.23 1 1
github.com/peternicholls/20i-stack/tui/internal/views/dashboard/dashboard.go:163.12,165.51 1 1
github.com/peternicholls/20i-stack/tui/internal/views/dashboard/dashboard.go:165.51,167.30 1 1
github.com/peternicholls/20i-stack/tui/internal/views/dashboard/dashboard.go:167.30,170.6 2 1
github.com/peternicholls/20i-stack/tui/internal/views/dashboard/dashboard.go:173.5,179.42 5 1
github.com/peternicholls/20i-stack/tui/internal/views/dashboard/dashboard.go:179.42,181.6 1 1
github.com/peternicholls/20i-stack/tui/internal/views/dashboard/dashboard.go:183.5,183.54 1 1
github.com/peternicholls/20i-stack/tui/internal/views/dashboard/dashboard.go:185.4,185.17 1 1
github.com/peternicholls/20i-stack/tui/internal/views/dashboard/dashboard.go:187.12,189.52 1 1
github.com/peternicholls/20i-stack/tui/internal/views/dashboard/dashboard.go:189.52,194.26 3 1
github.com/peternicholls/20i-stack/tui/internal/views/dashboard/dashboard.go:194.26,196.6 1 0
github.com/peternicholls/20i-stack/tui/internal/views/dashboard/dashboard.go:198.5,198.46 1 1
github.com/peternicholls/20i-stack/tui/internal/views/dashboard/dashboard.go:199.10,199.36 1 1
github.com/peternicholls/20i-stack/tui/internal/views/dashboard/dashboard.go:199.36,206.42 5 1
github.com/peternicholls/20i-stack/tui/internal/views/dashboard/dashboard.go:206.42,208.6 1 1
github.com/peternicholls/20i-stack/tui/internal/views/dashboard/dashboard.go:210.5,210.56 1 1
github.com/peternicholls/20i-stack/tui/internal/views/dashboard/dashboard.go:212.4,212.17 1 0
github.com/peternicholls/20i-stack/tui/internal/views/dashboard/dashboard.go:214.12,216.76 1 1
github.com/peternicholls/20i-stack/tui/internal/views/dashboard/dashboard.go:216.76,222.42 5 1
github.com/peternicholls/20i-stack/tui/internal/views/dashboard/dashboard.go:222.42,224.6 1 1
github.com/peternicholls/20i-stack/tui/internal/views/dashboard/dashboard.go:226.5,226.59 1 1
github.com/peternicholls/20i-stack/tui/internal/views/dashboard/dashboard.go:229.4,229.62 1 1
github.com/peternicholls/20i-stack/tui/internal/views/dashboard/dashboard.go:231.12,234.51 1 1
github.com/peternicholls/20i-stack/tui/internal/views/dashboard/dashboard.go:234.51,239.5 4 1
github.com/peternicholls/20i-stack/tui/internal/views/dashboard/dashboard.go:240.4,240.17 1 1
github.com/peternicholls/20i-stack/tui/internal/views/dashboard/dashboard.go:242.16,244.88 1 0
github.com/peternicholls/20i-stack/tui/internal/views/dashboard/dashboard.go:244.88,248.26 3 0
github.com/peternicholls/20i-stack/tui/internal/views/dashboard/dashboard.go:248.26,250.6 1 0
github.com/peternicholls/20i-stack/tui/internal/views/dashboard/dashboard.go:252.5,252.46 1 0
github.com/peternicholls/20i-stack/tui/internal/views/dashboard/dashboard.go:254.4,254.17 1 0
github.com/peternicholls/20i-stack/tui/internal/views/dashboard/dashboard.go:257.18,258.27 1 0
github.com/peternicholls/20i-stack/tui/internal/views/dashboard/dashboard.go:258.27,260.5 1 0
github.com/peternicholls/20i-stack/tui/internal/views/dashboard/dashboard.go:261.4,261.17 1 0
github.com/peternicholls/20i-stack/tui/internal/views/dashboard/dashboard.go:262.20,263.45 1 0
github.com/peternicholls/20i-stack/tui/internal/views/dashboard/dashboard.go:263.45,265.5 1 0
github.com/peternicholls/20i-stack/tui/internal/views/dashboard/dashboard.go:266.4,266.17 1 0
github.com/peternicholls/20i-stack/tui/internal/views/dashboard/dashboard.go:269.26,272.42 2 1
github.com/peternicholls/20i-stack/tui/internal/views/dashboard/dashboard.go:272.42,274.4 1 1
github.com/peternicholls/20i-stack/tui/internal/views/dashboard/dashboard.go:276.3,276.28 1 1
github.com/peternicholls/20i-stack/tui/internal/views/dashboard/dashboard.go:276.28,278.4 1 0
github.com/peternicholls/20i-stack/tui/internal/views/dashboard/dashboard.go:279.3,279.16 1 1
github.com/peternicholls/20i-stack/tui/internal/views/dashboard/dashboard.go:281.32,284.18 2 0
github.com/peternicholls/20i-stack/tui/internal/views/dashboard/dashboard.go:284.18,287.4 1 0
github.com/peternicholls/20i-stack/tui/internal/views/dashboard/dashboard.go:288.3,288.16 1 0
github.com/peternicholls/20i-stack/tui/internal/views/dashboard/dashboard.go:290.24,291.21 1 1
github.com/peternicholls/20i-stack/tui/internal/views/dashboard/dashboard.go:291.21,294.4 2 0
github.com/peternicholls/20i-stack/tui/internal/views/dashboard/dashboard.go:296.3,300.36 2 1
github.com/peternicholls/20i-stack/tui/internal/views/dashboard/dashboard.go:300.36,301.65 1 1
github.com/peternicholls/20i-stack/tui/internal/views/dashboard/dashboard.go:301.65,303.5 1 1
github.com/peternicholls/20i-stack/tui/internal/views/dashboard/dashboard.go:303.10,303.70 1 1
github.com/peternicholls/20i-stack/tui/internal/views/dashboard/dashboard.go:303.70,305.5 1 1
github.com/peternicholls/20i-stack/tui/internal/views/dashboard/dashboard.go:308.3,308.43 1 1
github.com/peternicholls/20i-stack/tui/internal/views/dashboard/dashboard.go:308.43,310.4 1 1
github.com/peternicholls/20i-stack/tui/internal/views/dashboard/dashboard.go:311.3,312.16 2 1
github.com/peternicholls/20i-stack/tui/internal/views/dashboard/dashboard.go:314.20,317.16 2 0
github.com/peternicholls/20i-stack/tui/internal/views/dashboard/dashboard.go:319.23,322.16 2 0
github.com/peternicholls/20i-stack/tui/internal/views/dashboard/dashboard.go:324.22,330.59 2 1
github.com/peternicholls/20i-stack/tui/internal/views/dashboard/dashboard.go:330.59,336.4 5 0
github.com/peternicholls/20i-stack/tui/internal/views/dashboard/dashboard.go:339.3,339.31 1 1
github.com/peternicholls/20i-stack/tui/internal/views/dashboard/dashboard.go:339.31,347.60 4 1
github.com/peternicholls/20i-stack/tui/internal/views/dashboard/dashboard.go:347.60,349.6 1 0
github.com/peternicholls/20i-stack/tui/internal/views/dashboard/dashboard.go:354.3,354.46 1 1
github.com/peternicholls/20i-stack/tui/internal/views/dashboard/dashboard.go:354.46,356.4 1 0
github.com/peternicholls/20i-stack/tui/internal/views/dashboard/dashboard.go:358.3,358.16 1 1
github.com/peternicholls/20i-stack/tui/internal/views/dashboard/dashboard.go:360.29,364.16 3 1
github.com/peternicholls/20i-stack/tui/internal/views/dashboard/dashboard.go:366.31,372.48 5 1
github.com/peternicholls/20i-stack/tui/internal/views/dashboard/dashboard.go:374.28,376.18 1 0
github.com/peternicholls/20i-stack/tui/internal/views/dashboard/dashboard.go:376.18,380.4 2 0
github.com/peternicholls/20i-stack/tui/internal/views/dashboard/dashboard.go:380.9,383.4 2 0
github.com/peternicholls/20i-stack/tui/internal/views/dashboard/dashboard.go:386.2,386.15 1 0
github.com/peternicholls/20i-stack/tui/internal/views/dashboard/dashboard.go:397.83,398.22 1 1
github.com/peternicholls/20i-stack/tui/internal/views/dashboard/dashboard.go:399.13,405.16 5 1
github.com/peternicholls/20i-stack/tui/internal/views/dashboard/dashboard.go:407.15,408.31 1 1
github.com/peternicholls/20i-stack/tui/internal/views/dashboard/dashboard.go:408.31,410.29 1 1
github.com/peternicholls/20i-stack/tui/internal/views/dashboard/dashboard.go:410.29,415.5 3 1
github.com/peternicholls/20i-stack/tui/internal/views/dashboard/dashboard.go:417.4,417.17 1 1
github.com/peternicholls/20i-stack/tui/internal/views/dashboard/dashboard.go:418.9,418.38 1 1
github.com/peternicholls/20i-stack/tui/internal/views/dashboard/dashboard.go:418.38,420.34 1 1
github.com/peternicholls/20i-stack/tui/internal/views/dashboard/dashboard.go:420.34,430.42 8 1
github.com/peternicholls/20i-stack/tui/internal/views/dashboard/dashboard.go:430.42,432.6 1 1
github.com/peternicholls/20i-stack/tui/internal/views/dashboard/dashboard.go:434.5,434.59 1 1
github.com/peternicholls/20i-stack/tui/internal/views/dashboard/dashboard.go:437.4,437.17 1 0
github.com/peternicholls/20i-stack/tui/internal/views/dashboard/dashboard.go:440.19,442.56 1 1
github.com/peternicholls/20i-stack/tui/internal/views/dashboard/dashboard.go:442.56,444.4 1 1
github.com/peternicholls/20i-stack/tui/internal/views/dashboard/dashboard.go:444.9,444.64 1 0
github.com/peternicholls/20i-stack/tui/internal/views/dashboard/dashboard.go:444.64,446.4 1 0
github.com/peternicholls/20i-stack/tui/internal/views/dashboard/dashboard.go:447.3,447.16 1 1
github.com/peternicholls/20i-stack/tui/internal/views/dashboard/dashboard.go:449.10,452.20 2 1
github.com/peternicholls/20i-stack/tui/internal/views/dashboard/dashboard.go:452.20,454.32 1 1
github.com/peternicholls/20i-stack/tui/internal/views/dashboard/dashboard.go:454.32,456.5 1 1
github.com/peternicholls/20i-stack/tui/internal/views/dashboard/dashboard.go:456.10,456.39 1 1
github.com/peternicholls/20i-stack/tui/internal/views/dashboard/dashboard.go:456.39,458.5 1 1
github.com/peternicholls/20i-stack/tui/internal/views/dashboard/dashboard.go:460.3,460.16 1 1
github.com/peternicholls/20i-stack/tui/internal/views/dashboard/dashboard.go:463.2,463.15 1 0
github.com/peternicholls/20i-stack/tui/internal/views/dashboard/dashboard.go:482.39,524.29 11 1
github.com/peternicholls/20i-stack/tui/internal/views/dashboard/dashboard.go:524.29,526.31 2 0
github.com/peternicholls/20i-stack/tui/internal/views/dashboard/dashboard.go:526.31,528.4 1 0
github.com/peternicholls/20i-stack/tui/internal/views/dashboard/dashboard.go:528.9,528.38 1 0
github.com/peternicholls/20i-stack/tui/internal/views/dashboard/dashboard.go:528.38,530.4 1 0
github.com/peternicholls/20i-stack/tui/internal/views/dashboard/dashboard.go:532.3,534.15 2 0
github.com/peternicholls/20i-stack/tui/internal/views/dashboard/dashboard.go:537.2,537.17 1 1
github.com/peternicholls/20i-stack/tui/internal/views/dashboard/dashboard.go:540.75,541.24 1 1
github.com/peternicholls/20i-stack/tui/internal/views/dashboard/dashboard.go:541.24,543.20 1 0
github.com/peternicholls/20i-stack/tui/internal/views/dashboard/dashboard.go:543.20,545.4 1 0
github.com/peternicholls/20i-stack/tui/internal/views/dashboard/dashboard.go:546.3,547.60 2 0
github.com/peternicholls/20i-stack/tui/internal/views/dashboard/dashboard.go:553.59,554.24 1 1
github.com/peternicholls/20i-stack/tui/internal/views/dashboard/dashboard.go:554.24,556.24 1 0
github.com/peternicholls/20i-stack/tui/internal/views/dashboard/dashboard.go:556.24,561.4 1 0
github.com/peternicholls/20i-stack/tui/internal/views/dashboard/dashboard.go:564.3,564.10 1 0
github.com/peternicholls/20i-stack/tui/internal/views/dashboard/dashboard.go:565.33,566.11 1 0
github.com/peternicholls/20i-stack/tui/internal/views/dashboard/dashboard.go:566.11,569.5 1 0
github.com/peternicholls/20i-stack/tui/internal/views/dashboard/dashboard.go:570.4,573.5 1 0
github.com/peternicholls/20i-stack/tui/internal/views/dashboard/dashboard.go:574.39,578.5 1 0
github.com/peternicholls/20i-stack/tui/internal/views/dashboard/dashboard.go:585.59,586.24 1 1
github.com/peternicholls/20i-stack/tui/internal/views/dashboard/dashboard.go:586.24,588.17 2 0
github.com/peternicholls/20i-stack/tui/internal/views/dashboard/dashboard.go:588.17,593.4 1 0
github.com/peternicholls/20i-stack/tui/internal/views/dashboard/dashboard.go:596.3,596.54 1 0
github.com/peternicholls/20i-stack/tui/internal/views/dashboard/dashboard.go:606.61,607.24 1 1
github.com/peternicholls/20i-stack/tui/internal/views/dashboard/dashboard.go:607.24,609.17 2 0
github.com/peternicholls/20i-stack/tui/internal/views/dashboard/dashboard.go:609.17,614.4 1 0
github.com/peternicholls/20i-stack/tui/internal/views/dashboard/dashboard.go:615.3,615.54 1 0
github.com/peternicholls/20i-stack/tui/internal/views/dashboard/dashboard.go:620.64,621.24 1 1
github.com/peternicholls/20i-stack/tui/internal/views/dashboard/dashboard.go:621.24,623.17 2 0
github.com/peternicholls/20i-stack/tui/internal/views/dashboard/dashboard.go:623.17,628.4 1 0
github.com/peternicholls/20i-stack/tui/internal/views/dashboard/dashboard.go:629.3,629.54 1 0
github.com/peternicholls/20i-stack/tui/internal/views/dashboard/dashboard.go:634.64,635.24 1 1
github.com/peternicholls/20i-stack/tui/internal/views/dashboard/dashboard.go:635.24,637.17 2 0
github.com/peternicholls/20i-stack/tui/internal/views/dashboard/dashboard.go:637.17,642.4 1 0
github.com/peternicholls/20i-stack/tui/internal/views/dashboard/dashboard.go:643.3,643.54 1 0
github.com/peternicholls/20i-stack/tui/internal/views/dashboard/dashboard.go:648.53,649.24 1 1
github.com/peternicholls/20i-stack/tui/internal/views/dashboard/dashboard.go:649.24,651.17 2 0
github.com/peternicholls/20i-stack/tui/internal/views/dashboard/dashboard.go:651.17,656.4 1 0
github.com/peternicholls/20i-stack/tui/internal/views/dashboard/dashboard.go:657.3,659.4 1 0
github.com/peternicholls/20i-stack/tui/internal/views/dashboard/dashboard.go:670.33,671.24 1 1
github.com/peternicholls/20i-stack/tui/internal/views/dashboard/dashboard.go:671.24,673.17 2 0
github.com/peternicholls/20i-stack/tui/internal/views/dashboard/dashboard.go:673.17,681.4 1 0
github.com/peternicholls/20i-stack/tui/internal/views/dashboard/dashboard.go:682.3,682.44 1 0
github.com/peternicholls/20i-stack/tui/internal/views/dashboard/dashboard.go:686.32,687.15 1 1
github.com/peternicholls/20i-stack/tui/internal/views/dashboard/dashboard.go:687.15,689.3 1 1
github.com/peternicholls/20i-stack/tui/internal/views/dashboard/dashboard.go:690.2,690.14 1 0
github.com/peternicholls/20i-stack/tui/internal/views/dashboard/dashboard.go:693.24,694.11 1 0
github.com/peternicholls/20i-stack/tui/internal/views/dashboard/dashboard.go:694.11,696.3 1 0
github.com/peternicholls/20i-stack/tui/internal/views/dashboard/dashboard.go:697.2,697.10 1 0
github.com/peternicholls/20i-stack/tui/internal/views/dashboard/dashboard.go:719.97,720.24 1 0
github.com/peternicholls/20i-stack/tui/internal/views/dashboard/dashboard.go:720.24,723.17 2 0
github.com/peternicholls/20i-stack/tui/internal/views/dashboard/dashboard.go:724.16,725.44 1 0
github.com/peternicholls/20i-stack/tui/internal/views/dashboard/dashboard.go:726.15,727.47 1 0
github.com/peternicholls/20i-stack/tui/internal/views/dashboard/dashboard.go:728.18,729.50 1 0
github.com/peternicholls/20i-stack/tui/internal/views/dashboard/dashboard.go:730.11,735.5 1 0
github.com/peternicholls/20i-stack/tui/internal/views/dashboard/dashboard.go:738.3,738.17 1 0
github.com/peternicholls/20i-stack/tui/internal/views/dashboard/dashboard.go:738.17,744.4 1 0
github.com/peternicholls/20i-stack/tui/internal/views/dashboard/dashboard.go:746.3,749.4 1 0
github.com/peternicholls/20i-stack/tui/internal/views/dashboard/dashboard.go:754.72,755.16 1 0
github.com/peternicholls/20i-stack/tui/internal/views/dashboard/dashboard.go:755.16,757.3 1 0
github.com/peternicholls/20i-stack/tui/internal/views/dashboard/dashboard.go:759.2,762.113 2 0
github.com/peternicholls/20i-stack/tui/internal/views/dashboard/dashboard.go:762.113,764.3 1 0
github.com/peternicholls/20i-stack/tui/internal/views/dashboard/dashboard.go:766.2,766.98 1 0
github.com/peternicholls/20i-stack/tui/internal/views/dashboard/dashboard.go:766.98,768.3 1 0
github.com/peternicholls/20i-stack/tui/internal/views/dashboard/dashboard.go:770.2,770.92 1 0
github.com/peternicholls/20i-stack/tui/internal/views/dashboard/dashboard.go:770.92,772.3 1 0
github.com/peternicholls/20i-stack/tui/internal/views/dashboard/dashboard.go:774.2,774.51 1 0
github.com/peternicholls/20i-stack/tui/internal/views/dashboard/dashboard.go:774.51,776.3 1 0
github.com/peternicholls/20i-stack/tui/internal/views/dashboard/dashboard.go:779.2,779.77 1 0
github.com/peternicholls/20i-stack/tui/internal/views/dashboard/left_panel.go:32.90,37.17 3 1
github.com/peternicholls/20i-stack/tui/internal/views/dashboard/left_panel.go:37.17,38.25 1 1
github.com/peternicholls/20i-stack/tui/internal/views/dashboard/left_panel.go:38.25,40.4 1 1
github.com/peternicholls/20i-stack/tui/internal/views/dashboard/left_panel.go:40.9,42.4 1 0
github.com/peternicholls/20i-stack/tui/internal/views/dashboard/left_panel.go:46.2,47.17 2 1
github.com/peternicholls/20i-stack/tui/internal/views/dashboard/left_panel.go:47.17,49.3 1 1
github.com/peternicholls/20i-stack/tui/internal/views/dashboard/left_panel.go:50.2,54.17 3 1
github.com/peternicholls/20i-stack/tui/internal/views/dashboard/left_panel.go:54.17,59.3 4 1
github.com/peternicholls/20i-stack/tui/internal/views/dashboard/left_panel.go:62.2,67.18 5 1
github.com/peternicholls/20i-stack/tui/internal/views/dashboard/left_panel.go:67.18,70.3 2 1
github.com/peternicholls/20i-stack/tui/internal/views/dashboard/left_panel.go:71.2,74.17 2 1
github.com/peternicholls/20i-stack/tui/internal/views/dashboard/left_panel.go:74.17,81.25 6 1
github.com/peternicholls/20i-stack/tui/internal/views/dashboard/left_panel.go:81.25,84.4 2 1
github.com/peternicholls/20i-stack/tui/internal/views/dashboard/left_panel.go:85.3,85.54 1 1
github.com/peternicholls/20i-stack/tui/internal/views/dashboard/left_panel.go:88.2,96.18 2 1
github.com/peternicholls/20i-stack/tui/internal/views/dashboard/left_panel.go:109.53,110.27 1 1
github.com/peternicholls/20i-stack/tui/internal/views/dashboard/left_panel.go:110.27,112.3 1 0
github.com/peternicholls/20i-stack/tui/internal/views/dashboard/left_panel.go:114.2,114.19 1 1
github.com/peternicholls/20i-stack/tui/internal/views/dashboard/left_panel.go:114.19,116.3 1 0
github.com/peternicholls/20i-stack/tui/internal/views/dashboard/left_panel.go:119.2,122.62 3 1
github.com/peternicholls/20i-stack/tui/internal/views/dashboard/right_panel.go:41.171,42.15 1 1
github.com/peternicholls/20i-stack/tui/internal/views/dashboard/right_panel.go:43.19,44.51 1 1
github.com/peternicholls/20i-stack/tui/internal/views/dashboard/right_panel.go:45.16,46.57 1 0
github.com/peternicholls/20i-stack/tui/internal/views/dashboard/right_panel.go:47.16,50.18 3 1
github.com/peternicholls/20i-stack/tui/internal/views/dashboard/right_panel.go:51.10,52.51 1 0
github.com/peternicholls/20i-stack/tui/internal/views/dashboard/right_panel.go:71.76,77.17 4 1
github.com/peternicholls/20i-stack/tui/internal/views/dashboard/right_panel.go:77.17,87.3 3 1
github.com/peternicholls/20i-stack/tui/internal/views/dashboard/right_panel.go:90.2,91.24 2 1
github.com/peternicholls/20i-stack/tui/internal/views/dashboard/right_panel.go:91.24,93.3 1 1
github.com/peternicholls/20i-stack/tui/internal/views/dashboard/right_panel.go:93.8,99.3 5 0
github.com/peternicholls/20i-stack/tui/internal/views/dashboard/right_panel.go:101.2,112.24 7 1
github.com/peternicholls/20i-stack/tui/internal/views/dashboard/right_panel.go:112.24,116.3 3 1
github.com/peternicholls/20i-stack/tui/internal/views/dashboard/right_panel.go:116.8,118.3 1 0
github.com/peternicholls/20i-stack/tui/internal/views/dashboard/right_panel.go:120.2,128.18 2 1
github.com/peternicholls/20i-stack/tui/internal/views/dashboard/right_panel.go:142.74,149.29 5 0
github.com/peternicholls/20i-stack/tui/internal/views/dashboard/right_panel.go:149.29,151.3 1 0
github.com/peternicholls/20i-stack/tui/internal/views/dashboard/right_panel.go:151.8,155.36 3 0
github.com/peternicholls/20i-stack/tui/internal/views/dashboard/right_panel.go:155.36,157.4 1 0
github.com/peternicholls/20i-stack/tui/internal/views/dashboard/right_panel.go:159.3,159.49 1 0
github.com/peternicholls/20i-stack/tui/internal/views/dashboard/right_panel.go:159.49,166.20 4 0
github.com/peternicholls/20i-stack/tui/internal/views/dashboard/right_panel.go:166.20,168.5 1 0
github.com/peternicholls/20i-stack/tui/internal/views/dashboard/right_panel.go:169.4,170.28 2 0
github.com/peternicholls/20i-stack/tui/internal/views/dashboard/right_panel.go:170.28,171.22 1 0
github.com/peternicholls/20i-stack/tui/internal/views/dashboard/right_panel.go:171.22,173.6 1 0
github.com/peternicholls/20i-stack/tui/internal/views/dashboard/right_panel.go:173.11,175.6 1 0
github.com/peternicholls/20i-stack/tui/internal/views/dashboard/right_panel.go:179.4,179.18 1 0
github.com/peternicholls/20i-stack/tui/internal/views/dashboard/right_panel.go:179.18,181.5 1 0
github.com/peternicholls/20i-stack/tui/internal/views/dashboard/right_panel.go:181.10,181.22 1 0
github.com/peternicholls/20i-stack/tui/internal/views/dashboard/right_panel.go:181.22,183.5 1 0
github.com/peternicholls/20i-stack/tui/internal/views/dashboard/right_panel.go:185.4,185.38 1 0
github.com/peternicholls/20i-stack/tui/internal/views/dashboard/right_panel.go:189.2,197.18 2 0
github.com/peternicholls/20i-stack/tui/internal/views/dashboard/service_list.go:21.100,22.26 1 0
github.com/peternicholls/20i-stack/tui/internal/views/dashboard/service_list.go:22.26,29.3 2 0
github.com/peternicholls/20i-stack/tui/internal/views/dashboard/service_list.go:31.2,32.31 2 0
github.com/peternicholls/20i-stack/tui/internal/views/dashboard/service_list.go:32.31,37.25 3 0
github.com/peternicholls/20i-stack/tui/internal/views/dashboard/service_list.go:37.25,39.4 1 0
github.com/peternicholls/20i-stack/tui/internal/views/dashboard/service_list.go:42.3,43.41 2 0
github.com/peternicholls/20i-stack/tui/internal/views/dashboard/service_list.go:46.2,52.18 2 0
github.com/peternicholls/20i-stack/tui/internal/views/dashboard/status_table.go:48.101,55.26 2 1
github.com/peternicholls/20i-stack/tui/internal/views/dashboard/status_table.go:55.26,61.3 1 1
github.com/peternicholls/20i-stack/tui/internal/views/dashboard/status_table.go:64.2,93.39 7 1
github.com/peternicholls/20i-stack/tui/internal/views/dashboard/status_table.go:93.39,110.16 7 1
github.com/peternicholls/20i-stack/tui/internal/views/dashboard/status_table.go:110.16,119.4 2 1
github.com/peternicholls/20i-stack/tui/internal/views/dashboard/status_table.go:122.3,136.33 4 1
github.com/peternicholls/20i-stack/tui/internal/views/dashboard/status_table.go:139.2,145.24 3 1
github.com/peternicholls/20i-stack/tui/internal/views/dashboard/status_table.go:158.57,163.21 3 1
github.com/peternicholls/20i-stack/tui/internal/views/dashboard/status_table.go:163.21,165.3 1 1
github.com/peternicholls/20i-stack/tui/internal/views/dashboard/status_table.go:165.8,165.28 1 1
github.com/peternicholls/20i-stack/tui/internal/views/dashboard/status_table.go:165.28,167.3 1 0
github.com/peternicholls/20i-stack/tui/internal/views/dashboard/status_table.go:167.8,169.3 1 1
github.com/peternicholls/20i-stack/tui/internal/views/dashboard/status_table.go:171.2,171.26 1 1
github.com/peternicholls/20i-stack/tui/internal/views/dashboard/status_table.go:175.62,176.16 1 1
github.com/peternicholls/20i-stack/tui/internal/views/dashboard/status_table.go:176.16,178.3 1 0
github.com/peternicholls/20i-stack/tui/internal/views/dashboard/status_table.go:180.2,181.20 2 1
github.com/peternicholls/20i-stack/tui/internal/views/dashboard/status_table.go:181.20,183.3 1 1
github.com/peternicholls/20i-stack/tui/internal/views/dashboard/status_table.go:185.2,185.76 1 1
github.com/peternicholls/20i-stack/tui/internal/views/dashboard/status_table.go:197.59,201.16 3 1
github.com/peternicholls/20i-stack/tui/internal/views/dashboard/status_table.go:202.28,203.69 1 1
github.com/peternicholls/20i-stack/tui/internal/views/dashboard/status_table.go:204.28,205.58 1 1
github.com/peternicholls/20i-stack/tui/internal/views/dashboard/status_table.go:206.31,207.69 1 1
github.com/peternicholls/20i-stack/tui/internal/views/dashboard/status_table.go:208.26,209.67 1 1
github.com/peternicholls/20i-stack/tui/internal/views/dashboard/status_table.go:210.10,211.56 1 0
github.com/peternicholls/20i-stack/tui/internal/views/dashboard/status_table.go:214.2,214.27 1 1
github.com/peternicholls/20i-stack/tui/internal/views/dashboard/status_table.go:218.58,219.16 1 1
github.com/peternicholls/20i-stack/tui/internal/views/dashboard/status_table.go:220.28,221.19 1 1
github.com/peternicholls/20i-stack/tui/internal/views/dashboard/status_table.go:222.28,223.19 1 1
github.com/peternicholls/20i-stack/tui/internal/views/dashboard/status_table.go:224.31,225.22 1 1
github.com/peternicholls/20i-stack/tui/internal/views/dashboard/status_table.go:226.26,227.17 1 1
github.com/peternicholls/20i-stack/tui/internal/views/dashboard/status_table.go:228.10,229.19 1 0
github.com/peternicholls/20i-stack/tui/internal/views/dashboard/status_table.go:235.87,239.2 1 1
github.com/peternicholls/20i-stack/tui/internal/views/dashboard/status_table.go:254.52,259.9 2 1
github.com/peternicholls/20i-stack/tui/internal/views/dashboard/status_table.go:260.46,261.31 1 1
github.com/peternicholls/20i-stack/tui/internal/views/dashboard/status_table.go:262.51,263.33 1 1
github.com/peternicholls/20i-stack/tui/internal/views/dashboard/status_table.go:264.90,265.26 1 1
github.com/peternicholls/20i-stack/tui/internal/views/dashboard/status_table.go:266.47,267.20 1 1
github.com/peternicholls/20i-stack/tui/internal/views/dashboard/status_table.go:268.10,269.12 1 1
github.com/peternicholls/20i-stack/tui/internal/views/dashboard/status_table.go:281.50,282.22 1 1
github.com/peternicholls/20i-stack/tui/internal/views/dashboard/status_table.go:282.22,284.3 1 1
github.com/peternicholls/20i-stack/tui/internal/views/dashboard/status_table.go:285.2,285.16 1 1
github.com/peternicholls/20i-stack/tui/internal/views/dashboard/status_table.go:285.16,287.3 1 1
github.com/peternicholls/20i-stack/tui/internal/views/dashboard/status_table.go:288.2,288.29 1 1
github.com/peternicholls/20i-stack/tui/internal/views/dashboard/status_table.go:301.95,307.42 3 1
github.com/peternicholls/20i-stack/tui/internal/views/dashboard/status_table.go:307.42,308.74 1 1
github.com/peternicholls/20i-stack/tui/internal/views/dashboard/status_table.go:308.74,310.26 1 1
github.com/peternicholls/20i-stack/tui/internal/views/dashboard/status_table.go:310.26,312.19 2 1
github.com/peternicholls/20i-stack/tui/internal/views/dashboard/status_table.go:312.19,315.6 1 0
github.com/peternicholls/20i-stack/tui/internal/views/dashboard/status_table.go:316.5,316.41 1 1
github.com/peternicholls/20i-stack/tui/internal/views/dashboard/status_table.go:321.2,321.12 1 1
